{
  "RSpec": {
    "coverage": {
      "/Users/jaabiryusuf/Projects/bookmark-manager/app.rb": {
        "lines": [
          1,
          1,
          null,
          1,
          1,
          1,
          0,
          null,
          null,
          1,
          0,
          null,
          null,
          1,
          1,
          null,
          null,
          1,
          null
        ]
      },
      "/Users/jaabiryusuf/Projects/bookmark-manager/spec/features/web_test_spec.rb": {
        "lines": [
          1,
          1,
          1,
          1,
          1,
          null,
          null
        ]
      }
    },
    "timestamp": 1644248724
  }
}
